Structs_Final/app/build/outputs/mapping/release/seeds.txt
mx.edu.utng.structs_final.AppCompatPreferenceActivity: AppCompatPreferenceActivity()
mx.edu.utng.structs_final.AppCompatPreferenceActivity: void setContentView(android.view.View)
mx.edu.utng.structs_final.R$anim: int abc_fade_in
mx.edu.utng.structs_final.R$anim: int abc_fade_out
mx.edu.utng.structs_final.R$anim: int abc_grow_fade_in_from_bottom
mx.edu.utng.structs_final.R$anim: int abc_popup_enter
mx.edu.utng.structs_final.R$anim: int abc_popup_exit
mx.edu.utng.structs_final.R$anim: int abc_shrink_fade_out_from_bottom
mx.edu.utng.structs_final.R$anim: int abc_slide_in_bottom
mx.edu.utng.structs_final.R$anim: int abc_slide_in_top
mx.edu.utng.structs_final.R$anim: int abc_slide_out_bottom
mx.edu.utng.structs_final.R$anim: int abc_slide_out_top
mx.edu.utng.structs_final.R$anim: int design_fab_in
mx.edu.utng.structs_final.R$anim: int design_fab_out
mx.edu.utng.structs_final.R$anim: int design_snackbar_in
mx.edu.utng.structs_final.R$anim: int design_snackbar_out
mx.edu.utng.structs_final.R$array: int audios
mx.edu.utng.structs_final.R$array: int descripciones
mx.edu.utng.structs_final.R$array: int pref_example_list_titles
mx.edu.utng.structs_final.R$array: int pref_example_list_values
mx.edu.utng.structs_final.R$array: int pref_sync_frequency_titles
mx.edu.utng.structs_final.R$array: int pref_sync_frequency_values
mx.edu.utng.structs_final.R$array: int temas
mx.edu.utng.structs_final.R$array: int type
mx.edu.utng.structs_final.R$array: int videos
mx.edu.utng.structs_final.R$attr: int actionBarDivider
mx.edu.utng.structs_final.R$attr: int actionBarItemBackground
mx.edu.utng.structs_final.R$attr: int actionBarPopupTheme
mx.edu.utng.structs_final.R$attr: int actionBarSize
mx.edu.utng.structs_final.R$attr: int actionBarSplitStyle
mx.edu.utng.structs_final.R$attr: int actionBarStyle
mx.edu.utng.structs_final.R$attr: int actionBarTabBarStyle
mx.edu.utng.structs_final.R$attr: int actionBarTabStyle
mx.edu.utng.structs_final.R$attr: int actionBarTabTextStyle
mx.edu.utng.structs_final.R$attr: int actionBarTheme
mx.edu.utng.structs_final.R$attr: int actionBarWidgetTheme
mx.edu.utng.structs_final.R$attr: int actionButtonStyle
mx.edu.utng.structs_final.R$attr: int actionDropDownStyle
mx.edu.utng.structs_final.R$attr: int actionLayout
mx.edu.utng.structs_final.R$attr: int actionMenuTextAppearance
mx.edu.utng.structs_final.R$attr: int actionMenuTextColor
mx.edu.utng.structs_final.R$attr: int actionModeBackground
mx.edu.utng.structs_final.R$attr: int actionModeCloseButtonStyle
mx.edu.utng.structs_final.R$attr: int actionModeCloseDrawable
mx.edu.utng.structs_final.R$attr: int actionModeCopyDrawable
mx.edu.utng.structs_final.R$attr: int actionModeCutDrawable
mx.edu.utng.structs_final.R$attr: int actionModeFindDrawable
mx.edu.utng.structs_final.R$attr: int actionModePasteDrawable
mx.edu.utng.structs_final.R$attr: int actionModePopupWindowStyle
mx.edu.utng.structs_final.R$attr: int actionModeSelectAllDrawable
mx.edu.utng.structs_final.R$bool: int abc_action_bar_embed_tabs
mx.edu.utng.structs_final.R$bool: int abc_action_bar_embed_tabs_pre_jb
mx.edu.utng.structs_final.R$bool: int abc_action_bar_expanded_action_views_exclusive
mx.edu.utng.structs_final.R$bool: int abc_allow_stacked_button_bar
mx.edu.utng.structs_final.R$bool: int abc_config_actionMenuItemAllCaps
mx.edu.utng.structs_final.R$bool: int abc_config_allowActionMenuItemTextWithIcon
mx.edu.utng.structs_final.R$bool: int abc_config_closeDialogWhenTouchOutside
mx.edu.utng.structs_final.R$bool: int abc_config_showMenuShortcutsWhenKeyboardPresent
...
android.support.v4.app.FragmentManagerState: android.os.Parcelable$Creator CREATOR
android.support.v4.app.FragmentState: android.os.Parcelable$Creator CREATOR
android.support.v4.app.FragmentTabHost: void setOnTabChangedListener(android.widget.TabHost$OnTabChangeListener)
android.support.v4.app.FragmentTabHost$SavedState: android.os.Parcelable$Creator CREATOR
android.support.v4.content.ModernAsyncTask$Status: android.support.v4.content.ModernAsyncTask$Status[] values()
android.support.v4.content.ModernAsyncTask$Status: android.support.v4.content.ModernAsyncTask$Status valueOf(java.lang.String)
android.support.v4.media.MediaBrowserCompat$MediaItem: android.os.Parcelable$Creator CREATOR
android.support.v4.media.MediaDescriptionCompat: android.os.Parcelable$Creator CREATOR
android.support.v4.media.MediaMetadataCompat: android.os.Parcelable$Creator CREATOR
android.support.v4.media.RatingCompat: android.os.Parcelable$Creator CREATOR
android.support.v4.media.session.MediaSessionCompat$QueueItem: android.os.Parcelable$Creator CREATOR
android.support.v4.media.session.MediaSessionCompat$ResultReceiverWrapper: android.os.Parcelable$Creator CREATOR
android.support.v4.media.session.MediaSessionCompat$Token: android.os.Parcelable$Creator CREATOR
android.support.v4.media.session.ParcelableVolumeInfo: android.os.Parcelable$Creator CREATOR
android.support.v4.media.session.PlaybackStateCompat: android.os.Parcelable$Creator CREATOR
android.support.v4.media.session.PlaybackStateCompat$CustomAction: android.os.Parcelable$Creator CREATOR
android.support.v4.os.ResultReceiver: android.os.Parcelable$Creator CREATOR
android.support.v4.view.PagerTabStrip: void setTabIndicatorColor(int)
android.support.v4.view.PagerTabStrip: void setTabIndicatorColorResource(int)
android.support.v4.view.PagerTabStrip: int getTabIndicatorColor()
android.support.v4.view.PagerTabStrip: void setTextSpacing(int)
android.support.v4.view.PagerTabStrip: void setBackgroundDrawable(android.graphics.drawable.Drawable)
android.support.v4.view.PagerTabStrip: void setBackgroundColor(int)
android.support.v4.view.PagerTabStrip: void setBackgroundResource(int)
android.support.v4.view.PagerTabStrip: void setDrawFullUnderline(boolean)
android.support.v4.view.PagerTabStrip: boolean getDrawFullUnderline()
android.support.v4.view.PagerTabStrip: int getMinHeight()
android.support.v4.view.PagerTabStrip$1: void onClick(android.view.View)
android.support.v4.view.PagerTabStrip$2: void onClick(android.view.View)
android.support.v4.view.PagerTitleStrip: void setSingleLineAllCaps(android.widget.TextView)
android.support.v4.view.PagerTitleStrip: void setTextSpacing(int)
android.support.v4.view.PagerTitleStrip: int getTextSpacing()
android.support.v4.view.PagerTitleStrip: void setNonPrimaryAlpha(float)
android.support.v4.view.PagerTitleStrip: void setTextColor(int)
android.support.v4.view.PagerTitleStrip: void setGravity(int)
android.support.v4.view.PagerTitleStrip: int getMinHeight()