Structs_Final/app/build/outputs/mapping/release/mapping.txt
mx.edu.utng.structs_final.AppCompatPreferenceActivity -> mx.edu.utng.structs_final.a:
    android.support.v7.app.AppCompatDelegate mDelegate -> a
    void <init>() -> <init>
    void onCreate(android.os.Bundle) -> onCreate
    void onPostCreate(android.os.Bundle) -> onPostCreate
    android.support.v7.app.ActionBar getSupportActionBar() -> a
    android.view.MenuInflater getMenuInflater() -> getMenuInflater
    void setContentView(int) -> setContentView
    void setContentView(android.view.View) -> setContentView
    void setContentView(android.view.View,android.view.ViewGroup$LayoutParams) -> setContentView
    void addContentView(android.view.View,android.view.ViewGroup$LayoutParams) -> addContentView
    void onPostResume() -> onPostResume
    void onTitleChanged(java.lang.CharSequence,int) -> onTitleChanged
    void onConfigurationChanged(android.content.res.Configuration) -> onConfigurationChanged
    void onStop() -> onStop
    void onDestroy() -> onDestroy
    void invalidateOptionsMenu() -> invalidateOptionsMenu
    android.support.v7.app.AppCompatDelegate getDelegate() -> b
mx.edu.utng.structs_final.SettingsActivity -> mx.edu.utng.structs_final.SettingsActivity:
    android.preference.Preference$OnPreferenceChangeListener sBindPreferenceSummaryToValueListener -> a
    void <init>() -> <init>
    boolean isXLargeTablet(android.content.Context) -> a
    boolean isSimplePreferences(android.content.Context) -> b
    void bindPreferenceSummaryToValue(android.preference.Preference) -> b
    void onCreate(android.os.Bundle) -> onCreate
    void setupActionBar() -> b
    void onPostCreate(android.os.Bundle) -> onPostCreate
    void setupSimplePreferencesScreen() -> c
    boolean onIsMultiPane() -> onIsMultiPane
    void onBuildHeaders(java.util.List) -> onBuildHeaders
    boolean isValidFragment(java.lang.String) -> isValidFragment
    void access$000(android.preference.Preference) -> a
    void <clinit>() -> <clinit>
mx.edu.utng.structs_final.SettingsActivity$1 -> mx.edu.utng.structs_final.b:
    void <init>() -> <init>
    boolean onPreferenceChange(android.preference.Preference,java.lang.Object) -> onPreferenceChange
mx.edu.utng.structs_final.SettingsActivity$DataSyncPreferenceFragment -> mx.edu.utng.structs_final.SettingsActivity$DataSyncPreferenceFragment:
    void <init>() -> <init>
    void onCreate(android.os.Bundle) -> onCreate
    boolean onOptionsItemSelected(android.view.MenuItem) -> onOptionsItemSelected
mx.edu.utng.structs_final.SettingsActivity$GeneralPreferenceFragment -> mx.edu.utng.structs_final.SettingsActivity$GeneralPreferenceFragment:
    void <init>() -> <init>
    void onCreate(android.os.Bundle) -> onCreate
    boolean onOptionsItemSelected(android.view.MenuItem) -> onOptionsItemSelected
mx.edu.utng.structs_final.SettingsActivity$NotificationPreferenceFragment -> mx.edu.utng.structs_final.SettingsActivity$NotificationPreferenceFragment:
    void <init>() -> <init>
    void onCreate(android.os.Bundle) -> onCreate
    boolean onOptionsItemSelected(android.view.MenuItem) -> onOptionsItemSelected
mx.edu.utng.structs_final.VideoActivity -> mx.edu.utng.structs_final.VideoActivity:
    void <init>() -> <init>
    void onCreate(android.os.Bundle) -> onCreate
    void registrarEventos() -> a
mx.edu.utng.structs_final.VideoActivity$1 -> mx.edu.utng.structs_final.c:
    mx.edu.utng.structs_final.VideoActivity this$0 -> a
    void <init>(mx.edu.utng.structs_final.VideoActivity) -> <init>
    void onItemClick(android.widget.AdapterView,android.view.View,int,long) -> onItemClick
mx.edu.utng.structs_final.correo.EmailActivity -> mx.edu.utng.structs_final.correo.EmailActivity:
    void <init>() -> <init>
    void onCreate(android.os.Bundle) -> onCreate
    void onClick(android.view.View) -> onClick
    void enviar(java.lang.String[],java.lang.String[],java.lang.String,java.lang.String) -> a
...
android.support.v7.widget.AppCompatTextView -> android.support.v7.widget.bo:
    android.support.v7.widget.TintManager mTintManager -> a
    android.support.v7.widget.AppCompatBackgroundHelper mBackgroundTintHelper -> b
    android.support.v7.widget.AppCompatTextHelper mTextHelper -> c
    void <init>(android.content.Context) -> <init>
    void <init>(android.content.Context,android.util.AttributeSet) -> <init>
    void <init>(android.content.Context,android.util.AttributeSet,int) -> <init>
    void setBackgroundResource(int) -> setBackgroundResource
    void setBackgroundDrawable(android.graphics.drawable.Drawable) -> setBackgroundDrawable
    void setSupportBackgroundTintList(android.content.res.ColorStateList) -> setSupportBackgroundTintList
    android.content.res.ColorStateList getSupportBackgroundTintList() -> getSupportBackgroundTintList
    void setSupportBackgroundTintMode(android.graphics.PorterDuff$Mode) -> setSupportBackgroundTintMode
    android.graphics.PorterDuff$Mode getSupportBackgroundTintMode() -> getSupportBackgroundTintMode
    void setTextAppearance(android.content.Context,int) -> setTextAppearance
    void drawableStateChanged() -> drawableStateChanged
android.support.v7.widget.ButtonBarLayout -> android.support.v7.widget.ButtonBarLayout:
    boolean mAllowStacking -> a
    int mLastWidthSize -> b
    void <init>(android.content.Context,android.util.AttributeSet) -> <init>
    void setAllowStacking(boolean) -> setAllowStacking
    void onMeasure(int,int) -> onMeasure
    void setStacked(boolean) -> setStacked
    boolean isStacked() -> a
android.support.v7.widget.ChildHelper -> android.support.v7.widget.bp:
    android.support.v7.widget.ChildHelper$Callback mCallback -> a
    android.support.v7.widget.ChildHelper$Bucket mBucket -> b
    java.util.List mHiddenViews -> c
    void <init>(android.support.v7.widget.ChildHelper$Callback) -> <init>
    void hideViewInternal(android.view.View) -> g
    boolean unhideViewInternal(android.view.View) -> h
    void addView(android.view.View,boolean) -> a
    void addView(android.view.View,int,boolean) -> a
    int getOffset(int) -> e
    void removeView(android.view.View) -> a
    void removeViewAt(int) -> a
    android.view.View getChildAt(int) -> b
    void removeAllViewsUnfiltered() -> a
    android.view.View findHiddenNonRemovedView(int,int) -> a
    void attachViewToParent(android.view.View,int,android.view.ViewGroup$LayoutParams,boolean) -> a
    int getChildCount() -> b
    int getUnfilteredChildCount() -> c
    android.view.View getUnfilteredChildAt(int) -> c
    void detachViewFromParent(int) -> d
    int indexOfChild(android.view.View) -> b
    boolean isHidden(android.view.View) -> c
    void hide(android.view.View) -> d
    void unhide(android.view.View) -> e
    java.lang.String toString() -> toString
    boolean removeViewIfHidden(android.view.View) -> f
android.support.v7.widget.ChildHelper$Bucket -> android.support.v7.widget.bq:
    long mData -> a
    android.support.v7.widget.ChildHelper$Bucket next -> b
    void <init>() -> <init>
    void set(int) -> a
    void ensureNext() -> b
    void clear(int) -> b
    boolean get(int) -> c
    void reset() -> a
    void insert(int,boolean) -> a
    boolean remove(int) -> d
    int countOnesBefore(int) -> e
    java.lang.String toString() -> toString
android.support.v7.widget.ChildHelper$Callback -> android.support.v7.widget.br:
    int getChildCount() -> a
    void addView(android.view.View,int) -> a
    int indexOfChild(android.view.View) -> a
    void removeViewAt(int) -> a
    android.view.View getChildAt(int) -> b
    void removeAllViews() -> b
    android.support.v7.widget.RecyclerView$ViewHolder getChildViewHolder(android.view.View) -> b
    void attachViewToParent(android.view.View,int,android.view.ViewGroup$LayoutParams) -> a
    void detachViewFromParent(int) -> c
    void onEnteredHiddenState(android.view.View) -> c
    void onLeftHiddenState(android.view.View) -> d