Structs_Final/app/build/outputs/mapping/release/usage.txt
mx.edu.utng.structs_final.AppCompatPreferenceActivity:
    38:39:public void setSupportActionBar(android.support.v7.widget.Toolbar)
mx.edu.utng.structs_final.BuildConfig
mx.edu.utng.structs_final.R
mx.edu.utng.structs_final.R$anim
mx.edu.utng.structs_final.R$array
mx.edu.utng.structs_final.R$attr
mx.edu.utng.structs_final.R$bool
mx.edu.utng.structs_final.R$color
mx.edu.utng.structs_final.R$dimen
mx.edu.utng.structs_final.R$drawable
mx.edu.utng.structs_final.R$id
mx.edu.utng.structs_final.R$integer
mx.edu.utng.structs_final.R$layout
mx.edu.utng.structs_final.R$menu
mx.edu.utng.structs_final.R$mipmap
mx.edu.utng.structs_final.R$raw
mx.edu.utng.structs_final.R$string
mx.edu.utng.structs_final.R$style
mx.edu.utng.structs_final.R$styleable
mx.edu.utng.structs_final.R$xml
mx.edu.utng.structs_final.Result
mx.edu.utng.structs_final.SettingsActivity:
    private static final boolean ALWAYS_SIMPLE_PREFS
mx.edu.utng.structs_final.dbhelper.DBHelperCuestionario:
    private static final int DATABASE_VERSION
    private static final java.lang.String DATABASE_NAME
    private static final java.lang.String TABLE_NAME_RESULT
    private static final java.lang.String COLUMN_RESULT
    private static final java.lang.String TABLE_NAME_QUEST
    private static final java.lang.String KEY_ID
    private static final java.lang.String KEY_QUES
    private static final java.lang.String KEY_ANSWER
    private static final java.lang.String KEY_OPTA
    private static final java.lang.String KEY_OPTB
    private static final java.lang.String KEY_OPTC
    private static final java.lang.String TABLE_CREATE_RESULT
mx.edu.utng.structs_final.dbhelper.DatabaseHelper:
    private static final int DATABASE_VERSION
    private static final java.lang.String DATABASE_NAME
    private static final java.lang.String TABLE_NAME
    private static final java.lang.String COLUMN_ID
    private static final java.lang.String COLUMN_NAME
    private static final java.lang.String COLUMN_EMAIL
    private static final java.lang.String COLUMN_UNAME
    private static final java.lang.String COLUMN_PASS
    private static final java.lang.String TABLE_CREATE
mx.edu.utng.structs_final.dbhelper.DbHelperQuiz:
    private static final int DATABASE_VERSION
    private static final java.lang.String DATABASE_NAME
    private static final java.lang.String TABLE_QUEST
    private static final java.lang.String KEY_ID
    private static final java.lang.String KEY_QUES
    private static final java.lang.String KEY_ANSWER
    private static final java.lang.String KEY_OPTA
    private static final java.lang.String KEY_OPTB
    private static final java.lang.String KEY_OPTC
    101:106:public int rowcount()
mx.edu.utng.structs_final.grafica.BarGraph:
    android.content.Context context
mx.edu.utng.structs_final.model.Contact:
    java.lang.String name
    java.lang.String uname
    java.lang.String pass
    11:12:public void setName(java.lang.String)
    14:14:public java.lang.String getName()
    21:21:public java.lang.String getEmail()
    24:25:public void setUname(java.lang.String)
    27:27:public java.lang.String getUname()
    30:31:public void setPass(java.lang.String)
    33:33:public java.lang.String getPass()
mx.edu.utng.structs_final.model.ItemSlideMenu
mx.edu.utng.structs_final.model.Pregunta:
    33:33:public int getID()
mx.edu.utng.structs_final.model.Question:
    32:32:public int getID()
mx.edu.utng.structs_final.model.Result:
    int idResult
    11:11:public int getIdResult()
    15:16:public void setIdResult(int)
...
android.support.v4.view.accessibility.AccessibilityNodeInfoCompat$1
android.support.v4.view.accessibility.AccessibilityNodeInfoCompat$AccessibilityActionCompat:
    358:358:public int getId()
    368:368:public java.lang.CharSequence getLabel()
    37:37:synthetic AccessibilityNodeInfoCompat$AccessibilityActionCompat(java.lang.Object,android.support.v4.view.accessibility.AccessibilityNodeInfoCompat$1)
android.support.v4.view.accessibility.AccessibilityNodeInfoCompat$AccessibilityNodeInfoApi21Impl:
    1766:1766:public java.util.List getActionList(java.lang.Object)
    1778:1779:public void addAction(java.lang.Object,java.lang.Object)
    1788:1788:public int getAccessibilityActionId(java.lang.Object)
    1793:1793:public java.lang.CharSequence getAccessibilityActionLabel(java.lang.Object)
    1805:1805:public boolean isCollectionItemSelected(java.lang.Object)
    1810:1810:public java.lang.CharSequence getError(java.lang.Object)
    1815:1816:public void setError(java.lang.Object,java.lang.CharSequence)
    1820:1821:public void setMaxTextLength(java.lang.Object,int)
    1825:1825:public int getMaxTextLength(java.lang.Object)
    1830:1830:public java.lang.Object getWindow(java.lang.Object)
    1835:1835:public boolean removeChild(java.lang.Object,android.view.View)
    1840:1840:public boolean removeChild(java.lang.Object,android.view.View,int)
android.support.v4.view.accessibility.AccessibilityNodeInfoCompat$AccessibilityNodeInfoApi22Impl:
    1847:1847:public java.lang.Object getTraversalBefore(java.lang.Object)
    1852:1853:public void setTraversalBefore(java.lang.Object,android.view.View)
    1857:1858:public void setTraversalBefore(java.lang.Object,android.view.View,int)
    1862:1862:public java.lang.Object getTraversalAfter(java.lang.Object)
    1867:1868:public void setTraversalAfter(java.lang.Object,android.view.View)
    1872:1873:public void setTraversalAfter(java.lang.Object,android.view.View,int)
android.support.v4.view.accessibility.AccessibilityNodeInfoCompat$AccessibilityNodeInfoIcsImpl:
    1223:1223:public java.lang.Object obtain()
    1228:1228:public java.lang.Object obtain(android.view.View)
    1248:1248:public java.util.List findAccessibilityNodeInfosByText(java.lang.Object,java.lang.String)
    1268:1268:public java.lang.Object getChild(java.lang.Object,int)
    1273:1273:public int getChildCount(java.lang.Object)
    1293:1293:public java.lang.Object getParent(java.lang.Object)
    1303:1303:public int getWindowId(java.lang.Object)
    1358:1358:public boolean performAction(java.lang.Object,int)
    1373:1374:public void setCheckable(java.lang.Object,boolean)
    1378:1379:public void setChecked(java.lang.Object,boolean)
    1428:1429:public void setPassword(java.lang.Object,boolean)
    1448:1449:public void setText(java.lang.Object,java.lang.CharSequence)